{"contracts\\Authority.sol":{"l":{"35":57,"36":57,"37":57,"38":57,"39":57,"40":57,"41":57,"42":57,"48":2,"49":2,"50":2,"54":2,"55":2,"56":2,"60":2,"61":2,"62":2,"66":12,"67":12,"68":12,"74":1,"75":1,"76":1,"80":1,"81":1,"82":1,"86":1,"87":1,"88":1,"92":1,"93":1,"94":1},"path":"D:\\git\\contracts\\contracts\\Authority.sol","s":{"1":57,"2":57,"3":57,"4":57,"5":57,"6":57,"7":57,"8":57,"9":2,"10":1,"11":2,"12":2,"13":2,"14":1,"15":2,"16":2,"17":2,"18":1,"19":2,"20":2,"21":12,"22":11,"23":12,"24":12,"25":1,"26":1,"27":1,"28":1,"29":1,"30":1,"31":1,"32":1,"33":1,"34":1,"35":1,"36":1},"b":{"1":[1,1],"2":[1,1],"3":[1,1],"4":[11,1],"5":[1,0],"6":[1,0],"7":[1,0],"8":[1,0]},"f":{"1":57,"2":2,"3":2,"4":2,"5":12,"6":1,"7":1,"8":1,"9":1},"fnMap":{"1":{"name":"constructor","line":34,"loc":{"start":{"line":29,"column":4},"end":{"line":43,"column":4}}},"2":{"name":"pushGovernor","line":47,"loc":{"start":{"line":47,"column":4},"end":{"line":51,"column":4}}},"3":{"name":"pushGuardian","line":53,"loc":{"start":{"line":53,"column":4},"end":{"line":57,"column":4}}},"4":{"name":"pushPolicy","line":59,"loc":{"start":{"line":59,"column":4},"end":{"line":63,"column":4}}},"5":{"name":"pushVault","line":65,"loc":{"start":{"line":65,"column":4},"end":{"line":69,"column":4}}},"6":{"name":"pullGovernor","line":73,"loc":{"start":{"line":73,"column":4},"end":{"line":77,"column":4}}},"7":{"name":"pullGuardian","line":79,"loc":{"start":{"line":79,"column":4},"end":{"line":83,"column":4}}},"8":{"name":"pullPolicy","line":85,"loc":{"start":{"line":85,"column":4},"end":{"line":89,"column":4}}},"9":{"name":"pullVault","line":91,"loc":{"start":{"line":91,"column":4},"end":{"line":95,"column":4}}}},"statementMap":{"1":{"start":{"line":35,"column":8},"end":{"line":35,"column":27}},"2":{"start":{"line":36,"column":8},"end":{"line":36,"column":55}},"3":{"start":{"line":37,"column":8},"end":{"line":37,"column":27}},"4":{"start":{"line":38,"column":8},"end":{"line":38,"column":55}},"5":{"start":{"line":39,"column":8},"end":{"line":39,"column":23}},"6":{"start":{"line":40,"column":8},"end":{"line":40,"column":51}},"7":{"start":{"line":41,"column":8},"end":{"line":41,"column":21}},"8":{"start":{"line":42,"column":8},"end":{"line":42,"column":49}},"9":{"start":{"line":48,"column":8},"end":{"line":48,"column":58}},"10":{"start":{"line":48,"column":35},"end":{"line":48,"column":57}},"11":{"start":{"line":49,"column":8},"end":{"line":49,"column":33}},"12":{"start":{"line":50,"column":8},"end":{"line":50,"column":73}},"13":{"start":{"line":54,"column":8},"end":{"line":54,"column":58}},"14":{"start":{"line":54,"column":35},"end":{"line":54,"column":57}},"15":{"start":{"line":55,"column":8},"end":{"line":55,"column":33}},"16":{"start":{"line":56,"column":8},"end":{"line":56,"column":73}},"17":{"start":{"line":60,"column":8},"end":{"line":60,"column":54}},"18":{"start":{"line":60,"column":35},"end":{"line":60,"column":53}},"19":{"start":{"line":61,"column":8},"end":{"line":61,"column":29}},"20":{"start":{"line":62,"column":8},"end":{"line":62,"column":67}},"21":{"start":{"line":66,"column":8},"end":{"line":66,"column":52}},"22":{"start":{"line":66,"column":35},"end":{"line":66,"column":51}},"23":{"start":{"line":67,"column":8},"end":{"line":67,"column":27}},"24":{"start":{"line":68,"column":8},"end":{"line":68,"column":64}},"25":{"start":{"line":74,"column":8},"end":{"line":74,"column":57}},"26":{"start":{"line":75,"column":8},"end":{"line":75,"column":50}},"27":{"start":{"line":76,"column":8},"end":{"line":76,"column":29}},"28":{"start":{"line":80,"column":8},"end":{"line":80,"column":54}},"29":{"start":{"line":81,"column":8},"end":{"line":81,"column":50}},"30":{"start":{"line":82,"column":8},"end":{"line":82,"column":29}},"31":{"start":{"line":86,"column":8},"end":{"line":86,"column":53}},"32":{"start":{"line":87,"column":8},"end":{"line":87,"column":44}},"33":{"start":{"line":88,"column":8},"end":{"line":88,"column":25}},"34":{"start":{"line":92,"column":8},"end":{"line":92,"column":51}},"35":{"start":{"line":93,"column":8},"end":{"line":93,"column":41}},"36":{"start":{"line":94,"column":8},"end":{"line":94,"column":23}}},"branchMap":{"1":{"line":48,"type":"if","locations":[{"start":{"line":48,"column":8},"end":{"line":48,"column":8}},{"start":{"line":48,"column":8},"end":{"line":48,"column":8}}]},"2":{"line":54,"type":"if","locations":[{"start":{"line":54,"column":8},"end":{"line":54,"column":8}},{"start":{"line":54,"column":8},"end":{"line":54,"column":8}}]},"3":{"line":60,"type":"if","locations":[{"start":{"line":60,"column":8},"end":{"line":60,"column":8}},{"start":{"line":60,"column":8},"end":{"line":60,"column":8}}]},"4":{"line":66,"type":"if","locations":[{"start":{"line":66,"column":8},"end":{"line":66,"column":8}},{"start":{"line":66,"column":8},"end":{"line":66,"column":8}}]},"5":{"line":74,"type":"if","locations":[{"start":{"line":74,"column":8},"end":{"line":74,"column":8}},{"start":{"line":74,"column":8},"end":{"line":74,"column":8}}]},"6":{"line":80,"type":"if","locations":[{"start":{"line":80,"column":8},"end":{"line":80,"column":8}},{"start":{"line":80,"column":8},"end":{"line":80,"column":8}}]},"7":{"line":86,"type":"if","locations":[{"start":{"line":86,"column":8},"end":{"line":86,"column":8}},{"start":{"line":86,"column":8},"end":{"line":86,"column":8}}]},"8":{"line":92,"type":"if","locations":[{"start":{"line":92,"column":8},"end":{"line":92,"column":8}},{"start":{"line":92,"column":8},"end":{"line":92,"column":8}}]}}},"contracts\\Escrow.sol":{"l":{"62":30,"63":30,"64":30,"65":30,"66":30,"67":30,"68":30,"72":13,"73":13,"74":13,"75":12,"79":0,"80":0,"81":0,"82":0,"88":8,"90":8,"91":8,"92":8,"93":8,"94":8,"96":8,"97":8,"100":8,"101":8,"103":8,"104":8,"106":8,"107":8,"109":8,"110":8,"111":8,"114":8,"115":8,"116":8,"117":8,"118":8,"121":8,"122":8,"124":8,"125":8,"131":1,"132":1,"133":1,"134":1,"135":1,"136":1,"140":2,"141":2,"145":16,"146":16,"147":16,"153":16,"154":16,"155":16,"159":1,"164":0,"166":0,"167":0,"168":0,"170":0,"171":0,"172":0,"173":0,"174":0,"177":0,"181":0,"182":0,"187":12,"190":12,"193":12,"196":12,"199":12,"200":12,"201":12,"203":12,"208":0,"213":12,"214":12,"215":12,"220":0,"224":0,"225":0},"path":"D:\\git\\contracts\\contracts\\Escrow.sol","s":{"1":30,"2":30,"3":30,"4":30,"5":30,"6":30,"7":30,"8":13,"9":13,"10":13,"11":0,"12":0,"13":0,"14":8,"15":8,"16":8,"17":8,"18":8,"19":8,"20":8,"21":8,"22":8,"23":8,"24":8,"25":8,"26":8,"27":8,"28":8,"29":8,"30":8,"31":8,"32":8,"33":8,"34":8,"35":8,"36":8,"37":8,"38":8,"39":1,"40":1,"41":1,"42":1,"43":1,"44":1,"45":2,"46":2,"47":16,"48":16,"49":16,"50":16,"51":16,"52":16,"53":1,"54":0,"55":0,"56":0,"57":0,"58":0,"59":0,"60":0,"61":0,"62":0,"63":0,"64":0,"65":0,"66":12,"67":12,"68":12,"69":12,"70":12,"71":12,"72":12,"73":0,"74":12,"75":12,"76":12,"77":0,"78":0,"79":0},"b":{"1":[30,0],"2":[13,0],"3":[12,1],"4":[0,0],"5":[0,0],"6":[8,0],"7":[1,0],"8":[1,0],"9":[16,0],"10":[16,0],"11":[16,0],"12":[16,0],"13":[0,0],"14":[0,0],"15":[0,0],"16":[12,0],"17":[0,0]},"f":{"1":30,"2":13,"3":0,"4":8,"5":1,"6":2,"7":16,"8":16,"9":1,"10":0,"11":0,"12":12,"13":0,"14":12,"15":0,"16":0},"fnMap":{"1":{"name":"constructor","line":60,"loc":{"start":{"line":60,"column":4},"end":{"line":69,"column":4}}},"2":{"name":"onlyExecutor","line":71,"loc":{"start":{"line":71,"column":4},"end":{"line":76,"column":4}}},"3":{"name":"onlyCreator","line":78,"loc":{"start":{"line":78,"column":4},"end":{"line":83,"column":4}}},"4":{"name":"startOffer","line":86,"loc":{"start":{"line":86,"column":5},"end":{"line":126,"column":4}}},"5":{"name":"cancelOffer","line":129,"loc":{"start":{"line":129,"column":4},"end":{"line":137,"column":4}}},"6":{"name":"getOffer","line":138,"loc":{"start":{"line":138,"column":4},"end":{"line":142,"column":4}}},"7":{"name":"verifyERC20","line":144,"loc":{"start":{"line":144,"column":5},"end":{"line":148,"column":4}}},"8":{"name":"verifyOfferIntegrity","line":151,"loc":{"start":{"line":151,"column":4},"end":{"line":156,"column":4}}},"9":{"name":"offerPerUser","line":158,"loc":{"start":{"line":158,"column":4},"end":{"line":160,"column":4}}},"10":{"name":"removeOfferForUser","line":162,"loc":{"start":{"line":162,"column":4},"end":{"line":178,"column":4}}},"11":{"name":"setTreasury","line":180,"loc":{"start":{"line":180,"column":4},"end":{"line":183,"column":4}}},"12":{"name":"saveProof","line":186,"loc":{"start":{"line":186,"column":4},"end":{"line":204,"column":4}}},"13":{"name":"getProof","line":207,"loc":{"start":{"line":207,"column":4},"end":{"line":209,"column":4}}},"14":{"name":"getLatestProof","line":212,"loc":{"start":{"line":212,"column":4},"end":{"line":216,"column":4}}},"15":{"name":"getProofBlockNumbers","line":219,"loc":{"start":{"line":219,"column":4},"end":{"line":221,"column":4}}},"16":{"name":"setDailyBlocks","line":223,"loc":{"start":{"line":223,"column":4},"end":{"line":226,"column":4}}}},"statementMap":{"1":{"start":{"line":62,"column":8},"end":{"line":62,"column":40}},"2":{"start":{"line":63,"column":8},"end":{"line":63,"column":24}},"3":{"start":{"line":64,"column":8},"end":{"line":64,"column":34}},"4":{"start":{"line":65,"column":8},"end":{"line":65,"column":30}},"5":{"start":{"line":66,"column":8},"end":{"line":66,"column":19}},"6":{"start":{"line":67,"column":8},"end":{"line":67,"column":24}},"7":{"start":{"line":68,"column":8},"end":{"line":68,"column":46}},"8":{"start":{"line":72,"column":8},"end":{"line":72,"column":48}},"9":{"start":{"line":73,"column":8},"end":{"line":73,"column":51}},"10":{"start":{"line":74,"column":8},"end":{"line":74,"column":85}},"11":{"start":{"line":79,"column":8},"end":{"line":79,"column":48}},"12":{"start":{"line":80,"column":8},"end":{"line":80,"column":51}},"13":{"start":{"line":81,"column":8},"end":{"line":81,"column":83}},"14":{"start":{"line":88,"column":8},"end":{"line":88,"column":76}},"15":{"start":{"line":91,"column":8},"end":{"line":91,"column":44}},"16":{"start":{"line":92,"column":8},"end":{"line":92,"column":44}},"17":{"start":{"line":93,"column":8},"end":{"line":93,"column":51}},"18":{"start":{"line":94,"column":8},"end":{"line":94,"column":57}},"19":{"start":{"line":96,"column":8},"end":{"line":96,"column":49}},"20":{"start":{"line":97,"column":8},"end":{"line":97,"column":52}},"21":{"start":{"line":100,"column":8},"end":{"line":100,"column":73}},"22":{"start":{"line":101,"column":8},"end":{"line":101,"column":81}},"23":{"start":{"line":103,"column":8},"end":{"line":103,"column":50}},"24":{"start":{"line":104,"column":8},"end":{"line":104,"column":58}},"25":{"start":{"line":106,"column":8},"end":{"line":106,"column":74}},"26":{"start":{"line":107,"column":8},"end":{"line":107,"column":82}},"27":{"start":{"line":109,"column":8},"end":{"line":109,"column":70}},"28":{"start":{"line":110,"column":8},"end":{"line":110,"column":45}},"29":{"start":{"line":111,"column":8},"end":{"line":111,"column":50}},"30":{"start":{"line":114,"column":8},"end":{"line":114,"column":53}},"31":{"start":{"line":115,"column":8},"end":{"line":115,"column":59}},"32":{"start":{"line":116,"column":8},"end":{"line":116,"column":38}},"33":{"start":{"line":117,"column":8},"end":{"line":117,"column":44}},"34":{"start":{"line":118,"column":8},"end":{"line":118,"column":39}},"35":{"start":{"line":121,"column":8},"end":{"line":121,"column":57}},"36":{"start":{"line":122,"column":8},"end":{"line":122,"column":63}},"37":{"start":{"line":124,"column":8},"end":{"line":124,"column":61}},"38":{"start":{"line":125,"column":8},"end":{"line":125,"column":23}},"39":{"start":{"line":131,"column":8},"end":{"line":131,"column":52}},"40":{"start":{"line":132,"column":8},"end":{"line":132,"column":98}},"41":{"start":{"line":133,"column":8},"end":{"line":133,"column":120}},"42":{"start":{"line":134,"column":8},"end":{"line":134,"column":71}},"43":{"start":{"line":135,"column":8},"end":{"line":135,"column":48}},"44":{"start":{"line":136,"column":8},"end":{"line":136,"column":19}},"45":{"start":{"line":140,"column":8},"end":{"line":140,"column":52}},"46":{"start":{"line":141,"column":8},"end":{"line":141,"column":72}},"47":{"start":{"line":145,"column":8},"end":{"line":145,"column":99}},"48":{"start":{"line":146,"column":8},"end":{"line":146,"column":118}},"49":{"start":{"line":147,"column":8},"end":{"line":147,"column":19}},"50":{"start":{"line":153,"column":8},"end":{"line":153,"column":80}},"51":{"start":{"line":154,"column":8},"end":{"line":154,"column":59}},"52":{"start":{"line":155,"column":8},"end":{"line":155,"column":19}},"53":{"start":{"line":159,"column":8},"end":{"line":159,"column":31}},"54":{"start":{"line":164,"column":8},"end":{"line":164,"column":52}},"55":{"start":{"line":166,"column":8},"end":{"line":166,"column":6621}},"56":{"start":{"line":167,"column":12},"end":{"line":167,"column":32}},"57":{"start":{"line":168,"column":12},"end":{"line":168,"column":23}},"58":{"start":{"line":170,"column":8},"end":{"line":170,"column":6735}},"59":{"start":{"line":171,"column":12},"end":{"line":171,"column":6798}},"60":{"start":{"line":172,"column":17},"end":{"line":172,"column":71}},"61":{"start":{"line":173,"column":17},"end":{"line":173,"column":36}},"62":{"start":{"line":174,"column":16},"end":{"line":174,"column":27}},"63":{"start":{"line":177,"column":8},"end":{"line":177,"column":20}},"64":{"start":{"line":181,"column":8},"end":{"line":181,"column":76}},"65":{"start":{"line":182,"column":8},"end":{"line":182,"column":38}},"66":{"start":{"line":187,"column":8},"end":{"line":187,"column":33}},"67":{"start":{"line":190,"column":8},"end":{"line":190,"column":65}},"68":{"start":{"line":193,"column":8},"end":{"line":193,"column":94}},"69":{"start":{"line":196,"column":8},"end":{"line":196,"column":64}},"70":{"start":{"line":199,"column":8},"end":{"line":199,"column":57}},"71":{"start":{"line":200,"column":8},"end":{"line":200,"column":58}},"72":{"start":{"line":203,"column":8},"end":{"line":203,"column":32}},"73":{"start":{"line":208,"column":8},"end":{"line":208,"column":55}},"74":{"start":{"line":213,"column":8},"end":{"line":213,"column":65}},"75":{"start":{"line":214,"column":8},"end":{"line":214,"column":84}},"76":{"start":{"line":215,"column":8},"end":{"line":215,"column":61}},"77":{"start":{"line":220,"column":8},"end":{"line":220,"column":47}},"78":{"start":{"line":224,"column":8},"end":{"line":224,"column":69}},"79":{"start":{"line":225,"column":8},"end":{"line":225,"column":33}}},"branchMap":{"1":{"line":62,"type":"if","locations":[{"start":{"line":62,"column":8},"end":{"line":62,"column":8}},{"start":{"line":62,"column":8},"end":{"line":62,"column":8}}]},"2":{"line":72,"type":"if","locations":[{"start":{"line":72,"column":8},"end":{"line":72,"column":8}},{"start":{"line":72,"column":8},"end":{"line":72,"column":8}}]},"3":{"line":74,"type":"if","locations":[{"start":{"line":74,"column":8},"end":{"line":74,"column":8}},{"start":{"line":74,"column":8},"end":{"line":74,"column":8}}]},"4":{"line":79,"type":"if","locations":[{"start":{"line":79,"column":8},"end":{"line":79,"column":8}},{"start":{"line":79,"column":8},"end":{"line":79,"column":8}}]},"5":{"line":81,"type":"if","locations":[{"start":{"line":81,"column":8},"end":{"line":81,"column":8}},{"start":{"line":81,"column":8},"end":{"line":81,"column":8}}]},"6":{"line":88,"type":"if","locations":[{"start":{"line":88,"column":8},"end":{"line":88,"column":8}},{"start":{"line":88,"column":8},"end":{"line":88,"column":8}}]},"7":{"line":132,"type":"if","locations":[{"start":{"line":132,"column":8},"end":{"line":132,"column":8}},{"start":{"line":132,"column":8},"end":{"line":132,"column":8}}]},"8":{"line":133,"type":"if","locations":[{"start":{"line":133,"column":8},"end":{"line":133,"column":8}},{"start":{"line":133,"column":8},"end":{"line":133,"column":8}}]},"9":{"line":145,"type":"if","locations":[{"start":{"line":145,"column":8},"end":{"line":145,"column":8}},{"start":{"line":145,"column":8},"end":{"line":145,"column":8}}]},"10":{"line":146,"type":"if","locations":[{"start":{"line":146,"column":8},"end":{"line":146,"column":8}},{"start":{"line":146,"column":8},"end":{"line":146,"column":8}}]},"11":{"line":153,"type":"if","locations":[{"start":{"line":153,"column":8},"end":{"line":153,"column":8}},{"start":{"line":153,"column":8},"end":{"line":153,"column":8}}]},"12":{"line":154,"type":"if","locations":[{"start":{"line":154,"column":8},"end":{"line":154,"column":8}},{"start":{"line":154,"column":8},"end":{"line":154,"column":8}}]},"13":{"line":166,"type":"if","locations":[{"start":{"line":166,"column":8},"end":{"line":166,"column":8}},{"start":{"line":166,"column":8},"end":{"line":166,"column":8}}]},"14":{"line":171,"type":"if","locations":[{"start":{"line":171,"column":12},"end":{"line":171,"column":12}},{"start":{"line":171,"column":12},"end":{"line":171,"column":12}}]},"15":{"line":181,"type":"if","locations":[{"start":{"line":181,"column":8},"end":{"line":181,"column":8}},{"start":{"line":181,"column":8},"end":{"line":181,"column":8}}]},"16":{"line":187,"type":"if","locations":[{"start":{"line":187,"column":8},"end":{"line":187,"column":8}},{"start":{"line":187,"column":8},"end":{"line":187,"column":8}}]},"17":{"line":224,"type":"if","locations":[{"start":{"line":224,"column":8},"end":{"line":224,"column":8}},{"start":{"line":224,"column":8},"end":{"line":224,"column":8}}]}}},"contracts\\interfaces\\IAuthority.sol":{"l":{},"path":"D:\\git\\contracts\\contracts\\interfaces\\IAuthority.sol","s":{},"b":{},"f":{},"fnMap":{},"statementMap":{},"branchMap":{}},"contracts\\interfaces\\ITreasury.sol":{"l":{},"path":"D:\\git\\contracts\\contracts\\interfaces\\ITreasury.sol","s":{},"b":{},"f":{},"fnMap":{},"statementMap":{},"branchMap":{}},"contracts\\Treasury.sol":{"l":{"71":16,"72":16,"76":16,"85":0,"87":0,"88":0,"96":0,"100":0,"104":16,"105":16,"109":0,"110":0,"114":0},"path":"D:\\git\\contracts\\contracts\\Treasury.sol","s":{"1":16,"2":16,"3":16,"4":0,"5":0,"6":0,"7":0,"8":0,"9":16,"10":16,"11":0,"12":0,"13":0},"b":{"1":[0,0],"2":[0,0]},"f":{"1":30,"2":16,"3":0,"4":0,"5":0,"6":16,"7":0,"8":0},"fnMap":{"1":{"name":"constructor","line":56,"loc":{"start":{"line":54,"column":4},"end":{"line":58,"column":4}}},"2":{"name":"deposit","line":66,"loc":{"start":{"line":66,"column":4},"end":{"line":77,"column":4}}},"3":{"name":"withdraw","line":84,"loc":{"start":{"line":84,"column":4},"end":{"line":89,"column":4}}},"4":{"name":"setPermission","line":95,"loc":{"start":{"line":91,"column":5},"end":{"line":97,"column":4}}},"5":{"name":"getTokenBalance","line":99,"loc":{"start":{"line":99,"column":4},"end":{"line":101,"column":4}}},"6":{"name":"collectFee","line":103,"loc":{"start":{"line":103,"column":4},"end":{"line":106,"column":4}}},"7":{"name":"setFee","line":108,"loc":{"start":{"line":108,"column":4},"end":{"line":111,"column":4}}},"8":{"name":"getTreasuryBalance","line":113,"loc":{"start":{"line":113,"column":4},"end":{"line":115,"column":4}}}},"statementMap":{"1":{"start":{"line":71,"column":8},"end":{"line":71,"column":67}},"2":{"start":{"line":72,"column":8},"end":{"line":72,"column":42}},"3":{"start":{"line":76,"column":8},"end":{"line":76,"column":34}},"4":{"start":{"line":85,"column":8},"end":{"line":85,"column":75}},"5":{"start":{"line":87,"column":8},"end":{"line":87,"column":70}},"6":{"start":{"line":88,"column":8},"end":{"line":88,"column":43}},"7":{"start":{"line":96,"column":8},"end":{"line":96,"column":51}},"8":{"start":{"line":100,"column":8},"end":{"line":100,"column":54}},"9":{"start":{"line":104,"column":8},"end":{"line":104,"column":50}},"10":{"start":{"line":105,"column":8},"end":{"line":105,"column":36}},"11":{"start":{"line":109,"column":8},"end":{"line":109,"column":28}},"12":{"start":{"line":110,"column":8},"end":{"line":110,"column":17}},"13":{"start":{"line":114,"column":8},"end":{"line":114,"column":36}}},"branchMap":{"1":{"line":85,"type":"if","locations":[{"start":{"line":85,"column":8},"end":{"line":85,"column":8}},{"start":{"line":85,"column":8},"end":{"line":85,"column":8}}]},"2":{"line":109,"type":"if","locations":[{"start":{"line":109,"column":8},"end":{"line":109,"column":8}},{"start":{"line":109,"column":8},"end":{"line":109,"column":8}}]}}},"contracts\\types\\AccessControlled.sol":{"l":{"26":117,"27":117,"33":18,"34":18,"38":0,"39":0,"43":0,"44":0,"48":0,"49":0,"55":0,"56":0,"57":0,"61":0,"62":0,"63":0,"69":18,"73":0,"77":0,"81":0},"path":"D:\\git\\contracts\\contracts\\types\\AccessControlled.sol","s":{"1":117,"2":117,"3":18,"4":0,"5":0,"6":0,"7":0,"8":0,"9":0,"10":0,"11":0,"12":0,"13":18,"14":0,"15":0,"16":0},"b":{"1":[0,0],"2":[0,18],"3":[0,0],"4":[0,0],"5":[0,0]},"f":{"1":117,"2":18,"3":0,"4":0,"5":0,"6":0,"7":0,"8":18,"9":0,"10":0,"11":0},"fnMap":{"1":{"name":"constructor","line":25,"loc":{"start":{"line":25,"column":4},"end":{"line":28,"column":4}}},"2":{"name":"onlyGovernor","line":32,"loc":{"start":{"line":32,"column":4},"end":{"line":35,"column":4}}},"3":{"name":"onlyGuardian","line":37,"loc":{"start":{"line":37,"column":4},"end":{"line":40,"column":4}}},"4":{"name":"onlyPolicy","line":42,"loc":{"start":{"line":42,"column":4},"end":{"line":45,"column":4}}},"5":{"name":"onlyVault","line":47,"loc":{"start":{"line":47,"column":4},"end":{"line":50,"column":4}}},"6":{"name":"initializeAuthority","line":54,"loc":{"start":{"line":54,"column":4},"end":{"line":58,"column":4}}},"7":{"name":"setAuthority","line":60,"loc":{"start":{"line":60,"column":4},"end":{"line":64,"column":4}}},"8":{"name":"_onlyGovernor","line":68,"loc":{"start":{"line":68,"column":4},"end":{"line":70,"column":4}}},"9":{"name":"_onlyGuardian","line":72,"loc":{"start":{"line":72,"column":4},"end":{"line":74,"column":4}}},"10":{"name":"_onlyPolicy","line":76,"loc":{"start":{"line":76,"column":4},"end":{"line":78,"column":4}}},"11":{"name":"_onlyVault","line":80,"loc":{"start":{"line":80,"column":4},"end":{"line":82,"column":4}}}},"statementMap":{"1":{"start":{"line":26,"column":8},"end":{"line":26,"column":29}},"2":{"start":{"line":27,"column":8},"end":{"line":27,"column":41}},"3":{"start":{"line":33,"column":1},"end":{"line":33,"column":15}},"4":{"start":{"line":38,"column":1},"end":{"line":38,"column":15}},"5":{"start":{"line":43,"column":1},"end":{"line":43,"column":13}},"6":{"start":{"line":48,"column":1},"end":{"line":48,"column":12}},"7":{"start":{"line":55,"column":8},"end":{"line":55,"column":79}},"8":{"start":{"line":56,"column":8},"end":{"line":56,"column":32}},"9":{"start":{"line":57,"column":8},"end":{"line":57,"column":44}},"10":{"start":{"line":61,"column":8},"end":{"line":61,"column":22}},"11":{"start":{"line":62,"column":8},"end":{"line":62,"column":32}},"12":{"start":{"line":63,"column":8},"end":{"line":63,"column":44}},"13":{"start":{"line":69,"column":8},"end":{"line":69,"column":69}},"14":{"start":{"line":73,"column":8},"end":{"line":73,"column":69}},"15":{"start":{"line":77,"column":8},"end":{"line":77,"column":67}},"16":{"start":{"line":81,"column":8},"end":{"line":81,"column":66}}},"branchMap":{"1":{"line":55,"type":"if","locations":[{"start":{"line":55,"column":8},"end":{"line":55,"column":8}},{"start":{"line":55,"column":8},"end":{"line":55,"column":8}}]},"2":{"line":69,"type":"if","locations":[{"start":{"line":69,"column":8},"end":{"line":69,"column":8}},{"start":{"line":69,"column":8},"end":{"line":69,"column":8}}]},"3":{"line":73,"type":"if","locations":[{"start":{"line":73,"column":8},"end":{"line":73,"column":8}},{"start":{"line":73,"column":8},"end":{"line":73,"column":8}}]},"4":{"line":77,"type":"if","locations":[{"start":{"line":77,"column":8},"end":{"line":77,"column":8}},{"start":{"line":77,"column":8},"end":{"line":77,"column":8}}]},"5":{"line":81,"type":"if","locations":[{"start":{"line":81,"column":8},"end":{"line":81,"column":8}},{"start":{"line":81,"column":8},"end":{"line":81,"column":8}}]}}}}